<?xml version="1.0" encoding="UTF-8"?>
<!-- Generated by org.testng.reporters.JUnitXMLReporter -->
<testsuite hostname="md1tbvxc" ignored="0" name="Default test" tests="5" failures="0" timestamp="13 Dec 2020 15:51:00 GMT" time="19.312" errors="0">
  <testcase name="printarraylist_file" time="5.731" classname="com.foxapi.testCases.PrintArrayListfromFile"/>
  <testcase name="printarraylist_file" time="2.962" classname="com.foxapi.testCases.PrintArrayListfromFile"/>
  <testcase name="printarraylist_file" time="3.743" classname="com.foxapi.testCases.PrintArrayListfromFile"/>
  <testcase name="printarraylist_file" time="2.966" classname="com.foxapi.testCases.PrintArrayListfromFile"/>
  <testcase name="printarraylist_file" time="3.002" classname="com.foxapi.testCases.PrintArrayListfromFile"/>
</testsuite> <!-- Default test -->
