<?xml version="1.0" encoding="UTF-8"?>
<testng-results skipped="0" failed="0" ignored="0" total="5" passed="5">
  <reporter-output>
  </reporter-output>
  <suite name="DkatalisRestAPISuite" duration-ms="15447" started-at="2020-12-13T17:03:49Z" finished-at="2020-12-13T17:04:04Z">
    <groups>
    </groups>
    <test name="DkatalisRestAPITest" duration-ms="15447" started-at="2020-12-13T17:03:49Z" finished-at="2020-12-13T17:04:04Z">
      <class name="com.dkatalis.testCases.PrintArrayListfromFileTest">
        <test-method status="PASS" signature="setup()[pri:0, instance:com.dkatalis.testCases.PrintArrayListfromFileTest@91161c7]" name="setup" is-config="true" duration-ms="47" started-at="2020-12-13T17:03:49Z" finished-at="2020-12-13T17:03:49Z">
          <reporter-output>
          </reporter-output>
        </test-method> <!-- setup -->
        <test-method status="PASS" signature="settinginitialinfo()[pri:0, instance:com.dkatalis.testCases.PrintArrayListfromFileTest@91161c7]" name="settinginitialinfo" is-config="true" duration-ms="663" started-at="2020-12-13T17:03:49Z" finished-at="2020-12-13T17:03:50Z">
          <reporter-output>
          </reporter-output>
        </test-method> <!-- settinginitialinfo -->
        <test-method status="PASS" signature="printarraylist_file(java.lang.String, java.lang.String)[pri:0, instance:com.dkatalis.testCases.PrintArrayListfromFileTest@91161c7]" name="printarraylist_file" duration-ms="4549" started-at="2020-12-13T17:03:50Z" data-provider="getData" finished-at="2020-12-13T17:03:54Z">
          <params>
            <param index="0">
              <value>
                <![CDATA[https://reqres.in/api/users/3]]>
              </value>
            </param>
            <param index="1">
              <value>
                <![CDATA[https://reqres.in/api/users/2]]>
              </value>
            </param>
          </params>
          <reporter-output>
          </reporter-output>
        </test-method> <!-- printarraylist_file -->
        <test-method status="PASS" signature="printarraylist_file(java.lang.String, java.lang.String)[pri:0, instance:com.dkatalis.testCases.PrintArrayListfromFileTest@91161c7]" name="printarraylist_file" duration-ms="2469" started-at="2020-12-13T17:03:54Z" data-provider="getData" finished-at="2020-12-13T17:03:57Z">
          <params>
            <param index="0">
              <value>
                <![CDATA[https://reqres.in/api/users/2]]>
              </value>
            </param>
            <param index="1">
              <value>
                <![CDATA[https://reqres.in/api/users/2]]>
              </value>
            </param>
          </params>
          <reporter-output>
          </reporter-output>
        </test-method> <!-- printarraylist_file -->
        <test-method status="PASS" signature="printarraylist_file(java.lang.String, java.lang.String)[pri:0, instance:com.dkatalis.testCases.PrintArrayListfromFileTest@91161c7]" name="printarraylist_file" duration-ms="2456" started-at="2020-12-13T17:03:57Z" data-provider="getData" finished-at="2020-12-13T17:03:59Z">
          <params>
            <param index="0">
              <value>
                <![CDATA[https://reqres.in/api/users/5]]>
              </value>
            </param>
            <param index="1">
              <value>
                <![CDATA[https://reqres.in/api/users/1]]>
              </value>
            </param>
          </params>
          <reporter-output>
          </reporter-output>
        </test-method> <!-- printarraylist_file -->
        <test-method status="PASS" signature="printarraylist_file(java.lang.String, java.lang.String)[pri:0, instance:com.dkatalis.testCases.PrintArrayListfromFileTest@91161c7]" name="printarraylist_file" duration-ms="2419" started-at="2020-12-13T17:03:59Z" data-provider="getData" finished-at="2020-12-13T17:04:02Z">
          <params>
            <param index="0">
              <value>
                <![CDATA[https://reqres.in/api/users/3]]>
              </value>
            </param>
            <param index="1">
              <value>
                <![CDATA[https://reqres.in/api/users/5]]>
              </value>
            </param>
          </params>
          <reporter-output>
          </reporter-output>
        </test-method> <!-- printarraylist_file -->
        <test-method status="PASS" signature="printarraylist_file(java.lang.String, java.lang.String)[pri:0, instance:com.dkatalis.testCases.PrintArrayListfromFileTest@91161c7]" name="printarraylist_file" duration-ms="2432" started-at="2020-12-13T17:04:02Z" data-provider="getData" finished-at="2020-12-13T17:04:04Z">
          <params>
            <param index="0">
              <value>
                <![CDATA[https://reqres.in/api/users/7]]>
              </value>
            </param>
            <param index="1">
              <value>
                <![CDATA[https://reqres.in/api/users/7]]>
              </value>
            </param>
          </params>
          <reporter-output>
          </reporter-output>
        </test-method> <!-- printarraylist_file -->
        <test-method status="PASS" signature="tearDown()[pri:0, instance:com.dkatalis.testCases.PrintArrayListfromFileTest@91161c7]" name="tearDown" is-config="true" duration-ms="0" started-at="2020-12-13T17:04:04Z" finished-at="2020-12-13T17:04:04Z">
          <reporter-output>
          </reporter-output>
        </test-method> <!-- tearDown -->
      </class> <!-- com.dkatalis.testCases.PrintArrayListfromFileTest -->
    </test> <!-- DkatalisRestAPITest -->
  </suite> <!-- DkatalisRestAPISuite -->
</testng-results>
